<?xml version="1.0" encoding="UTF-8"?>
<!-- Generated by org.testng.reporters.JUnitReportReporter -->
<testsuite hostname="Amits-MacBook-Air.local" failures="0" tests="2" name="TestJSONArray.ValidateTeam" time="0.044" errors="0" timestamp="2022-11-21T18:52:12 IST" skipped="0">
  <testcase classname="TestJSONArray.ValidateTeam" name="checkForeignPlayer" time="0.038"/>
  <system-out/>
  <testcase classname="TestJSONArray.ValidateTeam" name="checkNoOfWicketKeeper" time="0.006"/>
  <system-out/>
</testsuite> <!-- TestJSONArray.ValidateTeam -->
