<?xml version="1.0" encoding="UTF-8"?>
<!-- Generated by org.testng.reporters.JUnitReportReporter -->
<testsuite hostname="Amits-MacBook-Air.local" failures="0" tests="2" name="TestJSONArray.ValidateTeam" time="0.046" errors="0" timestamp="2022-11-21T11:11:48 IST" skipped="0">
  <testcase classname="TestJSONArray.ValidateTeam" name="checkNoOfWicketKeeper" time="0.004"/>
  <system-out/>
  <testcase classname="TestJSONArray.ValidateTeam" name="checkForeignPlayer" time="0.042"/>
  <system-out/>
</testsuite> <!-- TestJSONArray.ValidateTeam -->
